Arguments: 
  /Users/samhessenauer/.nvm/versions/node/v8.11.2/bin/node /usr/local/Cellar/yarn/1.7.0/libexec/bin/yarn.js version

PATH: 
  /Users/samhessenauer/.nvm/versions/node/v8.11.2/bin:/Cellar/python/2.7.14/bin/python2.7:/usr/local/bin:/usr/bin:/bin:/usr/sbin:/sbin

Yarn version: 
  1.7.0

Node version: 
  8.11.2

Platform: 
  darwin x64

Trace: 
  Error: canceled
      at Interface.<anonymous> (/usr/local/Cellar/yarn/1.7.0/libexec/lib/cli.js:131036:13)
      at emitNone (events.js:106:13)
      at Interface.emit (events.js:208:7)
      at Interface._ttyWrite (readline.js:774:16)
      at ReadStream.onkeypress (readline.js:158:10)
      at emitTwo (events.js:126:13)
      at ReadStream.emit (events.js:214:7)
      at emitKeys (internal/readline.js:420:14)
      at emitKeys.next (<anonymous>)
      at ReadStream.onData (readline.js:1010:36)

npm manifest: 
  {
    "name": "matryxexplorer",
    "version": "1.0.0",
    "description": "A Node.js RESTful API for reading the Matryx Platform smart contracts",
    "main": "index.js",
    "scripts": {
      "test": "echo \"Running mocha tests\" && mocha --exit",
      "dev": "echo \"Starting MatryxExplorer in development\" && nodemon server.js ",
      "start": "echo \"Starting MatryxExplorer in development with forever\" && forever server.js "
    },
    "repository": {
      "type": "git",
      "url": "git+https://github.com/matryx/MatryxExplorer.git"
    },
    "keywords": [
      "node",
      "restful",
      "api",
      "matryx",
      "blockchain",
      "ethereum"
    ],
    "author": "Sam Hessenauer - Nanome Inc",
    "license": "ISC",
    "bugs": {
      "url": "https://github.com/matryx/MatryxExplorer/issues"
    },
    "homepage": "https://github.com/matryx/MatryxExplorer#readme",
    "dependencies": {
      "async": "^2.6.0",
      "body-parser": "^1.18.2",
      "compression": "^1.7.2",
      "cors": "^2.8.4",
      "dotenv": "^5.0.1",
      "express": "^4.16.3",
      "forever": "^0.15.3",
      "formidable": "^1.2.1",
      "fs": "0.0.1-security",
      "ipfs": "^0.29.3",
      "morgan": "^1.9.0",
      "node-fetch": "^2.1.1",
      "nodemon": "^1.17.5",
      "npm": "^5.8.0",
      "request": "^2.85.0",
      "tmp": "0.0.33",
      "util": "^0.10.3",
      "web3": "github:ethereum/web3.js"
    },
    "devDependencies": {
      "babel-plugin-captains-log": "^1.0.1",
      "chai": "^4.1.2",
      "chai-http": "^4.0.0",
      "eslint-config-standard": "^11.0.0",
      "mocha": "^5.0.4",
      "mongoose": "^5.0.16",
      "standard": "^11.0.1"
    }
  }

yarn manifest: 
  No manifest

Lockfile: 
  No lockfile
